[14:04:30] [main/INFO]: Setting user: Player902
[14:04:36] [Client thread/INFO]: LWJGL Version: 2.9.1
[14:05:05] [Client thread/INFO]: Reloading ResourceManager: Default, FMLFileResourcePack:Forge Mod Loader, FMLFileResourcePack:Minecraft Forge, FMLFileResourcePack:Koblic Utilities
[14:05:10] [Sound Library Loader/INFO]: Sound engine started
[14:05:52] [Client thread/INFO]: Created: 512x256 textures/blocks-atlas
[14:05:53] [Client thread/INFO]: Created: 256x256 textures/items-atlas
[14:05:54] [Client thread/INFO]: Reloading ResourceManager: Default, FMLFileResourcePack:Forge Mod Loader, FMLFileResourcePack:Minecraft Forge, FMLFileResourcePack:Koblic Utilities
[14:05:55] [Client thread/INFO]: Created: 256x256 textures/items-atlas
[14:05:56] [Client thread/INFO]: Created: 512x256 textures/blocks-atlas
[14:05:57] [Sound Library Loader/INFO]: Sound engine started
[14:07:28] [Server thread/INFO]: Starting integrated minecraft server version 1.7.10
[14:07:28] [Server thread/INFO]: Generating keypair
[14:07:29] [Server thread/INFO]: Converting map!
[14:07:29] [Server thread/INFO]: Scanning folders...
[14:07:29] [Server thread/INFO]: Total conversion count is 0
[14:07:36] [Server thread/INFO]: Preparing start region for level 0
[14:07:37] [Server thread/INFO]: Preparing spawn area: 88%
[14:07:37] [Server thread/INFO]: Changing view distance to 12, from 10
[14:07:39] [Server thread/INFO]: Player902[local:E:48ee859a] logged in with entity id 7 at (-855.5, 4.0, 819.5)
[14:07:39] [Server thread/INFO]: Player902 joined the game
[14:07:42] [Server thread/WARN]: Can't keep up! Did the system time change, or is the server overloaded? Running 2300ms behind, skipping 46 tick(s)
[14:07:48] [Server thread/INFO]: Player902 has just earned the achievement [Taking Inventory]
[14:07:49] [Client thread/INFO]: [CHAT] Player902 has just earned the achievement [Taking Inventory]
[14:08:03] [Server thread/INFO]: [Player902: Set the time to 0]
[14:08:03] [Client thread/INFO]: [CHAT] Set the time to 0
[14:08:07] [Server thread/INFO]: [Player902: Set the time to 19000]
[14:08:08] [Client thread/INFO]: [CHAT] Set the time to 19000
[14:08:13] [Server thread/INFO]: Saving and pausing game...
[14:08:13] [Server thread/INFO]: Saving chunks for level 'TestWorld'/Overworld
[14:08:15] [Server thread/INFO]: Saving chunks for level 'TestWorld'/Nether
[14:08:15] [Server thread/INFO]: Saving chunks for level 'TestWorld'/The End
[14:08:21] [Server thread/INFO]: Saving and pausing game...
[14:08:22] [Server thread/INFO]: Saving chunks for level 'TestWorld'/Overworld
[14:08:22] [Server thread/INFO]: Saving chunks for level 'TestWorld'/Nether
[14:08:22] [Server thread/INFO]: Saving chunks for level 'TestWorld'/The End
[14:08:24] [Server thread/INFO]: Stopping server
[14:08:24] [Server thread/INFO]: Saving players
[14:08:24] [Server thread/INFO]: Saving worlds
[14:08:24] [Server thread/INFO]: Saving chunks for level 'TestWorld'/Overworld
[14:08:24] [Server thread/INFO]: Saving chunks for level 'TestWorld'/Nether
[14:08:24] [Server thread/INFO]: Saving chunks for level 'TestWorld'/The End
[14:08:30] [Client thread/INFO]: Stopping!
